STEP=step14_scale_up_down_tinyllama_http
RUN=3
START_EPOCH=1771571379
START_KST=2026-02-20 16:09:39 KST
END_TARGET_EPOCH=1771571679
END_TARGET_KST=2026-02-20 16:14:39 KST
REPLICAS_LOW=1
REPLICAS_HIGH=3
NODEPORT=30080
ENDPOINT_PATH=/v1/chat/completions
NETDATA_URL=http://127.0.0.1:19999
SCALE_UP_START_EPOCH=1771571379
READY_EPOCH=1771571417
READY_KST=2026-02-20 16:10:17 KST
T_scale_up=38
LOAD_START_EPOCH=1771571417
LOAD_START_KST=2026-02-20 16:10:17 KST
LOAD_END_EPOCH=1771571781
LOAD_END_KST=2026-02-20 16:16:21 KST
T_load=364
SCALE_DOWN_START_EPOCH=1771571781
SCALE_DOWN_END_EPOCH=1771571807
T_scale_down=26
END_EPOCH=1771571807
END_KST=2026-02-20 16:16:47 KST
OVERRUN=1
T_total=428
T_ready=38
