STEP=step14_scale_up_down_tinyllama_http
RUN=9
START_EPOCH=1771573763
START_KST=2026-02-20 16:49:23 KST
END_TARGET_EPOCH=1771574063
END_TARGET_KST=2026-02-20 16:54:23 KST
REPLICAS_LOW=1
REPLICAS_HIGH=3
NODEPORT=30080
ENDPOINT_PATH=/v1/chat/completions
NETDATA_URL=http://127.0.0.1:19999
SCALE_UP_START_EPOCH=1771573763
READY_EPOCH=1771573815
READY_KST=2026-02-20 16:50:15 KST
T_scale_up=52
LOAD_START_EPOCH=1771573815
LOAD_START_KST=2026-02-20 16:50:15 KST
LOAD_END_EPOCH=1771574134
LOAD_END_KST=2026-02-20 16:55:34 KST
T_load=319
SCALE_DOWN_START_EPOCH=1771574134
SCALE_DOWN_END_EPOCH=1771574158
T_scale_down=24
END_EPOCH=1771574158
END_KST=2026-02-20 16:55:58 KST
OVERRUN=1
T_total=395
T_ready=52
