STEP=step14_scale_up_down_tinyllama_http
RUN=4
START_EPOCH=1771571836
START_KST=2026-02-20 16:17:16 KST
END_TARGET_EPOCH=1771572136
END_TARGET_KST=2026-02-20 16:22:16 KST
REPLICAS_LOW=1
REPLICAS_HIGH=3
NODEPORT=30080
ENDPOINT_PATH=/v1/chat/completions
NETDATA_URL=http://127.0.0.1:19999
SCALE_UP_START_EPOCH=1771571836
READY_EPOCH=1771571877
READY_KST=2026-02-20 16:17:57 KST
T_scale_up=41
LOAD_START_EPOCH=1771571877
LOAD_START_KST=2026-02-20 16:17:57 KST
LOAD_END_EPOCH=1771572160
LOAD_END_KST=2026-02-20 16:22:40 KST
T_load=283
SCALE_DOWN_START_EPOCH=1771572160
SCALE_DOWN_END_EPOCH=1771572185
T_scale_down=25
END_EPOCH=1771572185
END_KST=2026-02-20 16:23:05 KST
OVERRUN=1
T_total=349
T_ready=41
