STEP=step14_scale_up_down_tinyllama_http
RUN=7
START_EPOCH=1771572996
START_KST=2026-02-20 16:36:36 KST
END_TARGET_EPOCH=1771573296
END_TARGET_KST=2026-02-20 16:41:36 KST
REPLICAS_LOW=1
REPLICAS_HIGH=3
NODEPORT=30080
ENDPOINT_PATH=/v1/chat/completions
NETDATA_URL=http://127.0.0.1:19999
SCALE_UP_START_EPOCH=1771572996
READY_EPOCH=1771573047
READY_KST=2026-02-20 16:37:27 KST
T_scale_up=51
LOAD_START_EPOCH=1771573047
LOAD_START_KST=2026-02-20 16:37:27 KST
LOAD_END_EPOCH=1771573290
LOAD_END_KST=2026-02-20 16:41:30 KST
T_load=243
SCALE_DOWN_START_EPOCH=1771573290
SCALE_DOWN_END_EPOCH=1771573311
T_scale_down=21
END_EPOCH=1771573311
END_KST=2026-02-20 16:41:51 KST
OVERRUN=1
T_total=315
T_ready=51
