STEP=step14_scale_up_down_tinyllama_http
RUN=10
START_EPOCH=1771574187
START_KST=2026-02-20 16:56:27 KST
END_TARGET_EPOCH=1771574487
END_TARGET_KST=2026-02-20 17:01:27 KST
REPLICAS_LOW=1
REPLICAS_HIGH=3
NODEPORT=30080
ENDPOINT_PATH=/v1/chat/completions
NETDATA_URL=http://127.0.0.1:19999
SCALE_UP_START_EPOCH=1771574187
READY_EPOCH=1771574225
READY_KST=2026-02-20 16:57:05 KST
T_scale_up=38
LOAD_START_EPOCH=1771574225
LOAD_START_KST=2026-02-20 16:57:05 KST
LOAD_END_EPOCH=1771574502
LOAD_END_KST=2026-02-20 17:01:42 KST
T_load=277
SCALE_DOWN_START_EPOCH=1771574502
SCALE_DOWN_END_EPOCH=1771574523
T_scale_down=21
END_EPOCH=1771574523
END_KST=2026-02-20 17:02:03 KST
OVERRUN=1
T_total=336
T_ready=38
