STEP=step14_scale_up_down_tinyllama_http
RUN=6
START_EPOCH=1771572617
START_KST=2026-02-20 16:30:17 KST
END_TARGET_EPOCH=1771572917
END_TARGET_KST=2026-02-20 16:35:17 KST
REPLICAS_LOW=1
REPLICAS_HIGH=3
NODEPORT=30080
ENDPOINT_PATH=/v1/chat/completions
NETDATA_URL=http://127.0.0.1:19999
SCALE_UP_START_EPOCH=1771572617
READY_EPOCH=1771572655
READY_KST=2026-02-20 16:30:55 KST
T_scale_up=38
LOAD_START_EPOCH=1771572655
LOAD_START_KST=2026-02-20 16:30:55 KST
LOAD_END_EPOCH=1771572946
LOAD_END_KST=2026-02-20 16:35:46 KST
T_load=291
SCALE_DOWN_START_EPOCH=1771572946
SCALE_DOWN_END_EPOCH=1771572968
T_scale_down=22
END_EPOCH=1771572968
END_KST=2026-02-20 16:36:08 KST
OVERRUN=1
T_total=351
T_ready=38
