STEP=step14_scale_up_down_tinyllama_http
RUN=8
START_EPOCH=1771573337
START_KST=2026-02-20 16:42:17 KST
END_TARGET_EPOCH=1771573637
END_TARGET_KST=2026-02-20 16:47:17 KST
REPLICAS_LOW=1
REPLICAS_HIGH=3
NODEPORT=30080
ENDPOINT_PATH=/v1/chat/completions
NETDATA_URL=http://127.0.0.1:19999
SCALE_UP_START_EPOCH=1771573337
READY_EPOCH=1771573376
READY_KST=2026-02-20 16:42:56 KST
T_scale_up=39
LOAD_START_EPOCH=1771573376
LOAD_START_KST=2026-02-20 16:42:56 KST
LOAD_END_EPOCH=1771573707
LOAD_END_KST=2026-02-20 16:48:27 KST
T_load=331
SCALE_DOWN_START_EPOCH=1771573707
SCALE_DOWN_END_EPOCH=1771573734
T_scale_down=27
END_EPOCH=1771573734
END_KST=2026-02-20 16:48:54 KST
OVERRUN=1
T_total=397
T_ready=39
