STEP=step14_scale_up_down_tinyllama_http
RUN=2
START_EPOCH=1771570936
START_KST=2026-02-20 16:02:16 KST
END_TARGET_EPOCH=1771571236
END_TARGET_KST=2026-02-20 16:07:16 KST
REPLICAS_LOW=1
REPLICAS_HIGH=3
NODEPORT=30080
ENDPOINT_PATH=/v1/chat/completions
NETDATA_URL=http://127.0.0.1:19999
SCALE_UP_START_EPOCH=1771570936
READY_EPOCH=1771570985
READY_KST=2026-02-20 16:03:05 KST
T_scale_up=49
LOAD_START_EPOCH=1771570985
LOAD_START_KST=2026-02-20 16:03:05 KST
LOAD_END_EPOCH=1771571326
LOAD_END_KST=2026-02-20 16:08:46 KST
T_load=341
SCALE_DOWN_START_EPOCH=1771571326
SCALE_DOWN_END_EPOCH=1771571350
T_scale_down=24
END_EPOCH=1771571350
END_KST=2026-02-20 16:09:10 KST
OVERRUN=1
T_total=414
T_ready=49
