STEP=step14_scale_up_down_tinyllama_http
RUN=5
START_EPOCH=1771572214
START_KST=2026-02-20 16:23:34 KST
END_TARGET_EPOCH=1771572514
END_TARGET_KST=2026-02-20 16:28:34 KST
REPLICAS_LOW=1
REPLICAS_HIGH=3
NODEPORT=30080
ENDPOINT_PATH=/v1/chat/completions
NETDATA_URL=http://127.0.0.1:19999
SCALE_UP_START_EPOCH=1771572214
READY_EPOCH=1771572253
READY_KST=2026-02-20 16:24:13 KST
T_scale_up=39
LOAD_START_EPOCH=1771572253
LOAD_START_KST=2026-02-20 16:24:13 KST
LOAD_END_EPOCH=1771572565
LOAD_END_KST=2026-02-20 16:29:25 KST
T_load=312
SCALE_DOWN_START_EPOCH=1771572565
SCALE_DOWN_END_EPOCH=1771572588
T_scale_down=23
END_EPOCH=1771572588
END_KST=2026-02-20 16:29:48 KST
OVERRUN=1
T_total=374
T_ready=39
