STEP=step14_scale_up_down_tinyllama_http
RUN=1
START_EPOCH=1771570497
START_KST=2026-02-20 15:54:57 KST
END_TARGET_EPOCH=1771570797
END_TARGET_KST=2026-02-20 15:59:57 KST
REPLICAS_LOW=1
REPLICAS_HIGH=3
NODEPORT=30080
ENDPOINT_PATH=/v1/chat/completions
NETDATA_URL=http://127.0.0.1:19999
SCALE_UP_START_EPOCH=1771570497
READY_EPOCH=1771570548
READY_KST=2026-02-20 15:55:48 KST
T_scale_up=51
LOAD_START_EPOCH=1771570548
LOAD_START_KST=2026-02-20 15:55:48 KST
LOAD_END_EPOCH=1771570886
LOAD_END_KST=2026-02-20 16:01:26 KST
T_load=338
SCALE_DOWN_START_EPOCH=1771570886
SCALE_DOWN_END_EPOCH=1771570909
T_scale_down=23
END_EPOCH=1771570909
END_KST=2026-02-20 16:01:49 KST
OVERRUN=1
T_total=412
T_ready=51
